<?xml version="1.0" encoding="UTF-8"?>
<!-- Generated by org.testng.reporters.JUnitReportReporter -->
<testsuite skipped="0" hostname="DESKTOP-TY" name="com.inetBanking.testCases.ChromeTest" tests="1" failures="0" timestamp="2020-03-01T14:24:06 CST" time="11.119" errors="0">
  <testcase name="LaunchChrome_Method1" time="11.119" classname="com.inetBanking.testCases.ChromeTest"/>
  <system-out/>
</testsuite> <!-- com.inetBanking.testCases.ChromeTest -->
